<?xml version="1.0" encoding="UTF-8"?>
<!-- Generated by org.testng.reporters.JUnitReportReporter -->
<testsuite hostname="EC2AMAZ-VP7JDPQ" failures="0" tests="4" name="com.common.ui.Help_Page" time="81.111" errors="0" timestamp="26 Feb 2021 12:47:37 GMT">
  <testcase classname="com.common.ui.Help_Page" name="Close_Help_Section" time="20.194"/>
  <testcase classname="com.common.ui.Help_Page" name="Close_Help_Section" time="20.067"/>
  <testcase classname="com.common.ui.Help_Page" name="Click_Import_Button_On_Help_Section" time="20.459"/>
  <testcase classname="com.common.ui.Help_Page" name="Click_Create_Button_On_Help_Section" time="20.391"/>
</testsuite> <!-- com.common.ui.Help_Page -->
