<?xml version="1.0" encoding="UTF-8"?>
<!-- Generated by org.testng.reporters.JUnitReportReporter -->
<testsuite hostname="EC2AMAZ-VP7JDPQ" failures="0" tests="2" name="com.common.ui.Login_Page" time="37.734" errors="0" timestamp="26 Feb 2021 12:47:37 GMT">
  <testcase classname="com.common.ui.Login_Page" name="Open_Xpmgr" time="10.153"/>
  <testcase classname="com.common.ui.Login_Page" name="Login" time="27.581"/>
</testsuite> <!-- com.common.ui.Login_Page -->
