<?xml version="1.0" encoding="UTF-8"?>
<!-- Generated by org.testng.reporters.JUnitReportReporter -->
<testsuite hostname="EC2AMAZ-VP7JDPQ" failures="0" tests="1" name="com.common.ui.Project_List_Page" time="20.669" errors="0" timestamp="26 Feb 2021 12:47:37 GMT">
  <testcase classname="com.common.ui.Project_List_Page" name="Open_Project" time="20.669"/>
</testsuite> <!-- com.common.ui.Project_List_Page -->
