<?xml version="1.0" encoding="UTF-8"?>
<!-- Generated by org.testng.reporters.JUnitReportReporter -->
<testsuite hostname="EC2AMAZ-VP7JDPQ" failures="0" tests="29" name="com.common.ui.People_Page" time="981.347" errors="3" timestamp="26 Feb 2021 12:47:37 GMT">
  <testcase classname="com.common.ui.People_Page" name="Clear_All_Filters" time="25.366"/>
  <testcase classname="com.common.ui.People_Page" name="Open_Help_Section" time="0.083"/>
  <testcase classname="com.common.ui.People_Page" name="Validate_Sorting_A_To_Z" time="144.739"/>
  <testcase classname="com.common.ui.People_Page" name="Open_Arrange_Icon_Container" time="20.391"/>
  <testcase classname="com.common.ui.People_Page" name="Click_On_New_Button" time="81.627"/>
  <testcase classname="com.common.ui.People_Page" name="Click_On_Import_Button" time="20.463"/>
  <testcase classname="com.common.ui.People_Page" name="Click_On_Import_Button" time="20.326"/>
  <testcase classname="com.common.ui.People_Page" name="Click_On_New_Button" time="20.351"/>
  <testcase classname="com.common.ui.People_Page" name="Click_On_New_Button" time="20.428"/>
  <testcase classname="com.common.ui.People_Page" name="Verify_Record_Added_Or_Not" time="0.004"/>
  <testcase classname="com.common.ui.People_Page" name="Verify_Record_Added_Or_Not" time="0.000">
    <error message="Method People_Page.Verify_Record_Added_Or_Not(int)[pri:0, instance:com.common.ui.People_Page@64aad6db] depends on not successfully finished methods in group &quot;Click_On_Given_Button_On_New_Record_Pannel&quot;" type="java.lang.Throwable">
      <![CDATA[java.lang.Throwable: Method People_Page.Verify_Record_Added_Or_Not(int)[pri:0, instance:com.common.ui.People_Page@64aad6db] depends on not successfully finished methods in group "Click_On_Given_Button_On_New_Record_Pannel"
	at org.testng.internal.Invoker.invokeTestMethods(Invoker.java:1033)
	at org.testng.internal.TestMethodWorker.invokeTestMethods(TestMethodWorker.java:125)
	at org.testng.internal.TestMethodWorker.run(TestMethodWorker.java:108)
	at org.testng.TestRunner.privateRun(TestRunner.java:774)
	at org.testng.TestRunner.run(TestRunner.java:624)
	at org.testng.SuiteRunner.runTest(SuiteRunner.java:359)
	at org.testng.SuiteRunner.runSequentially(SuiteRunner.java:354)
	at org.testng.SuiteRunner.privateRun(SuiteRunner.java:312)
	at org.testng.SuiteRunner.run(SuiteRunner.java:261)
	at org.testng.SuiteRunnerWorker.runSuite(SuiteRunnerWorker.java:52)
	at org.testng.SuiteRunnerWorker.run(SuiteRunnerWorker.java:86)
	at org.testng.TestNG.runSuitesSequentially(TestNG.java:1215)
	at org.testng.TestNG.runSuitesLocally(TestNG.java:1140)
	at org.testng.TestNG.run(TestNG.java:1048)
	at org.testng.remote.AbstractRemoteTestNG.run(AbstractRemoteTestNG.java:115)
	at org.testng.remote.RemoteTestNG.initAndRun(RemoteTestNG.java:251)
	at org.testng.remote.RemoteTestNG.main(RemoteTestNG.java:77)
]]>
    </error>
  </testcase> <!-- Verify_Record_Added_Or_Not -->
  <testcase classname="com.common.ui.People_Page" name="Validate_Sorting_Z_To_A" time="144.369"/>
  <testcase classname="com.common.ui.People_Page" name="Click_On_New_Button" time="20.380"/>
  <testcase classname="com.common.ui.People_Page" name="Click_On_Export_Button" time="20.171"/>
  <testcase classname="com.common.ui.People_Page" name="Click_On_New_Button" time="20.394"/>
  <testcase classname="com.common.ui.People_Page" name="Click_On_Header_Title_DropDown" time="21.397"/>
  <testcase classname="com.common.ui.People_Page" name="Click_On_Add_Filters" time="20.377"/>
  <testcase classname="com.common.ui.People_Page" name="Validate_Search_Functionality" time="43.004"/>
  <testcase classname="com.common.ui.People_Page" name="Click_Filters_From_Table_Header" time="20.317"/>
  <testcase classname="com.common.ui.People_Page" name="Delete_Records" time="85.348"/>
  <testcase classname="com.common.ui.People_Page" name="Verify_Record_Added_Or_Not" time="0.004"/>
  <testcase classname="com.common.ui.People_Page" name="Verify_File_Downloaded" time="5.003"/>
  <testcase classname="com.common.ui.People_Page" name="Add_Filters" time="83.266"/>
  <testcase classname="com.common.ui.People_Page" name="Validate_Column_Hide_Functinality_From_Column_Header" time="80.859"/>
  <testcase classname="com.common.ui.People_Page" name="Verify_Filter_Data_In_Given_Table_Column" time="2.055"/>
  <testcase classname="com.common.ui.People_Page" name="Open_Help_Section" time="0.059"/>
  <testcase classname="com.common.ui.People_Page" name="Verify_Record_Added_Or_Not" time="0.014"/>
  <testcase classname="com.common.ui.People_Page" name="Verify_Record_Added_Or_Not" time="0.001"/>
  <testcase classname="com.common.ui.People_Page" name="Hide_Unhide_Table_Column" time="60.551"/>
</testsuite> <!-- com.common.ui.People_Page -->
