<?xml version="1.0" encoding="UTF-8"?>
<!-- Generated by org.testng.reporters.JUnitReportReporter -->
<testsuite hostname="EC2AMAZ-VP7JDPQ" failures="0" tests="1" name="com.common.ui.ProjectDetail_Page" time="43.533" errors="0" timestamp="26 Feb 2021 12:47:37 GMT">
  <testcase classname="com.common.ui.ProjectDetail_Page" name="Click_On_People_Link" time="43.533"/>
</testsuite> <!-- com.common.ui.ProjectDetail_Page -->
