<?xml version="1.0" encoding="UTF-8"?>
<!-- Generated by org.testng.reporters.JUnitReportReporter -->
<testsuite hostname="EC2AMAZ-VP7JDPQ" failures="0" tests="7" name="com.common.ui.Import_People_Page" time="141.252" errors="0" timestamp="26 Feb 2021 12:47:37 GMT">
  <testcase classname="com.common.ui.Import_People_Page" name="Click_On_Given_Button_On_Import_Page" time="20.271"/>
  <testcase classname="com.common.ui.Import_People_Page" name="Verify_Button_Visiblity_On_Import_Page" time="0.043"/>
  <testcase classname="com.common.ui.Import_People_Page" name="Download_Sample_File" time="25.238"/>
  <testcase classname="com.common.ui.Import_People_Page" name="Upload_Given_File_On_Import_Page" time="3.985"/>
  <testcase classname="com.common.ui.Import_People_Page" name="Click_On_Given_Button_On_Import_Page" time="20.532"/>
  <testcase classname="com.common.ui.Import_People_Page" name="By_Default_Map_Records_And_Override_Duplicates" time="50.446"/>
  <testcase classname="com.common.ui.Import_People_Page" name="Click_On_Given_Button_On_Import_Page" time="20.737"/>
</testsuite> <!-- com.common.ui.Import_People_Page -->
