<?xml version="1.0" encoding="UTF-8"?>
<!-- Generated by org.testng.reporters.JUnitReportReporter -->
<testsuite hostname="EC2AMAZ-VP7JDPQ" name="com.common.ui.Import_People_Page" tests="7" failures="0" timestamp="27 Feb 2021 09:34:23 GMT" time="140.721" errors="0">
  <testcase name="Upload_Given_File_On_Import_Page" time="3.738" classname="com.common.ui.Import_People_Page"/>
  <testcase name="Click_On_Given_Button_On_Import_Page" time="20.394" classname="com.common.ui.Import_People_Page"/>
  <testcase name="By_Default_Map_Records_And_Override_Duplicates" time="50.385" classname="com.common.ui.Import_People_Page"/>
  <testcase name="Click_On_Given_Button_On_Import_Page" time="20.662" classname="com.common.ui.Import_People_Page"/>
  <testcase name="Verify_Button_Visiblity_On_Import_Page" time="0.022" classname="com.common.ui.Import_People_Page"/>
  <testcase name="Download_Sample_File" time="25.239" classname="com.common.ui.Import_People_Page"/>
  <testcase name="Click_On_Given_Button_On_Import_Page" time="20.281" classname="com.common.ui.Import_People_Page"/>
</testsuite> <!-- com.common.ui.Import_People_Page -->
