<?xml version="1.0" encoding="UTF-8"?>
<!-- Generated by org.testng.reporters.JUnitReportReporter -->
<testsuite hostname="EC2AMAZ-VP7JDPQ" name="com.common.ui.People_Page" tests="29" failures="0" timestamp="27 Feb 2021 09:34:23 GMT" time="978.722" errors="3">
  <testcase name="Open_Arrange_Icon_Container" time="20.263" classname="com.common.ui.People_Page"/>
  <testcase name="Click_On_New_Button" time="20.234" classname="com.common.ui.People_Page"/>
  <testcase name="Hide_Unhide_Table_Column" time="60.568" classname="com.common.ui.People_Page"/>
  <testcase name="Click_Filters_From_Table_Header" time="20.259" classname="com.common.ui.People_Page"/>
  <testcase name="Open_Help_Section" time="0.039" classname="com.common.ui.People_Page"/>
  <testcase name="Verify_Filter_Data_In_Given_Table_Column" time="2.051" classname="com.common.ui.People_Page"/>
  <testcase name="Click_On_Import_Button" time="20.281" classname="com.common.ui.People_Page"/>
  <testcase name="Click_On_New_Button" time="81.500" classname="com.common.ui.People_Page"/>
  <testcase name="Verify_Record_Added_Or_Not" time="0.000" classname="com.common.ui.People_Page">
    <error type="java.lang.Throwable" message="Method People_Page.Verify_Record_Added_Or_Not(int)[pri:0, instance:com.common.ui.People_Page@1951b871] depends on not successfully finished methods in group &quot;Click_On_Given_Button_On_New_Record_Pannel&quot;">
      <![CDATA[java.lang.Throwable: Method People_Page.Verify_Record_Added_Or_Not(int)[pri:0, instance:com.common.ui.People_Page@1951b871] depends on not successfully finished methods in group "Click_On_Given_Button_On_New_Record_Pannel"
	at org.testng.internal.Invoker.invokeTestMethods(Invoker.java:1033)
	at org.testng.internal.TestMethodWorker.invokeTestMethods(TestMethodWorker.java:125)
	at org.testng.internal.TestMethodWorker.run(TestMethodWorker.java:108)
	at org.testng.TestRunner.privateRun(TestRunner.java:774)
	at org.testng.TestRunner.run(TestRunner.java:624)
	at org.testng.SuiteRunner.runTest(SuiteRunner.java:359)
	at org.testng.SuiteRunner.runSequentially(SuiteRunner.java:354)
	at org.testng.SuiteRunner.privateRun(SuiteRunner.java:312)
	at org.testng.SuiteRunner.run(SuiteRunner.java:261)
	at org.testng.SuiteRunnerWorker.runSuite(SuiteRunnerWorker.java:52)
	at org.testng.SuiteRunnerWorker.run(SuiteRunnerWorker.java:86)
	at org.testng.TestNG.runSuitesSequentially(TestNG.java:1215)
	at org.testng.TestNG.runSuitesLocally(TestNG.java:1140)
	at org.testng.TestNG.run(TestNG.java:1048)
	at org.apache.maven.surefire.testng.TestNGExecutor.run(TestNGExecutor.java:73)
	at org.apache.maven.surefire.testng.TestNGXmlTestSuite.execute(TestNGXmlTestSuite.java:94)
	at org.apache.maven.surefire.Surefire.run(Surefire.java:169)
	at sun.reflect.NativeMethodAccessorImpl.invoke0(Native Method)
	at sun.reflect.NativeMethodAccessorImpl.invoke(NativeMethodAccessorImpl.java:62)
	at sun.reflect.DelegatingMethodAccessorImpl.invoke(DelegatingMethodAccessorImpl.java:43)
	at java.lang.reflect.Method.invoke(Method.java:498)
	at org.apache.maven.surefire.booter.SurefireBooter.runSuitesInProcess(SurefireBooter.java:350)
	at org.apache.maven.surefire.booter.SurefireBooter.main(SurefireBooter.java:1021)
]]>
    </error>
  </testcase> <!-- Verify_Record_Added_Or_Not -->
  <testcase name="Click_On_Add_Filters" time="20.294" classname="com.common.ui.People_Page"/>
  <testcase name="Delete_Records" time="85.340" classname="com.common.ui.People_Page"/>
  <testcase name="Click_On_Export_Button" time="20.142" classname="com.common.ui.People_Page"/>
  <testcase name="Clear_All_Filters" time="25.307" classname="com.common.ui.People_Page"/>
  <testcase name="Open_Help_Section" time="0.039" classname="com.common.ui.People_Page"/>
  <testcase name="Validate_Search_Functionality" time="42.733" classname="com.common.ui.People_Page"/>
  <testcase name="Verify_Record_Added_Or_Not" time="0.002" classname="com.common.ui.People_Page"/>
  <testcase name="Verify_Record_Added_Or_Not" time="0.001" classname="com.common.ui.People_Page"/>
  <testcase name="Click_On_New_Button" time="20.276" classname="com.common.ui.People_Page"/>
  <testcase name="Validate_Sorting_Z_To_A" time="144.027" classname="com.common.ui.People_Page"/>
  <testcase name="Validate_Sorting_A_To_Z" time="143.906" classname="com.common.ui.People_Page"/>
  <testcase name="Click_On_New_Button" time="20.289" classname="com.common.ui.People_Page"/>
  <testcase name="Click_On_Header_Title_DropDown" time="21.829" classname="com.common.ui.People_Page"/>
  <testcase name="Verify_Record_Added_Or_Not" time="0.002" classname="com.common.ui.People_Page"/>
  <testcase name="Validate_Column_Hide_Functinality_From_Column_Header" time="80.740" classname="com.common.ui.People_Page"/>
  <testcase name="Verify_Record_Added_Or_Not" time="0.002" classname="com.common.ui.People_Page"/>
  <testcase name="Verify_File_Downloaded" time="5.004" classname="com.common.ui.People_Page"/>
  <testcase name="Add_Filters" time="82.993" classname="com.common.ui.People_Page"/>
  <testcase name="Click_On_New_Button" time="20.244" classname="com.common.ui.People_Page"/>
  <testcase name="Click_On_Import_Button" time="20.357" classname="com.common.ui.People_Page"/>
</testsuite> <!-- com.common.ui.People_Page -->
