<?xml version="1.0" encoding="UTF-8"?>
<!-- Generated by org.testng.reporters.JUnitReportReporter -->
<testsuite hostname="EC2AMAZ-VP7JDPQ" name="com.common.ui.Help_Page" tests="4" failures="0" timestamp="27 Feb 2021 09:34:23 GMT" time="80.855" errors="0">
  <testcase name="Close_Help_Section" time="20.014" classname="com.common.ui.Help_Page"/>
  <testcase name="Close_Help_Section" time="20.182" classname="com.common.ui.Help_Page"/>
  <testcase name="Click_Import_Button_On_Help_Section" time="20.352" classname="com.common.ui.Help_Page"/>
  <testcase name="Click_Create_Button_On_Help_Section" time="20.307" classname="com.common.ui.Help_Page"/>
</testsuite> <!-- com.common.ui.Help_Page -->
