<?xml version="1.0" encoding="UTF-8"?>
<!-- Generated by org.testng.reporters.JUnitReportReporter -->
<testsuite hostname="EC2AMAZ-VP7JDPQ" name="com.common.ui.Project_List_Page" tests="1" failures="0" timestamp="27 Feb 2021 09:34:23 GMT" time="20.325" errors="0">
  <testcase name="Open_Project" time="20.325" classname="com.common.ui.Project_List_Page"/>
</testsuite> <!-- com.common.ui.Project_List_Page -->
