<?xml version="1.0" encoding="UTF-8"?>
<!-- Generated by org.testng.reporters.JUnitReportReporter -->
<testsuite hostname="EC2AMAZ-VP7JDPQ" name="com.common.ui.Login_Page" tests="2" failures="0" timestamp="27 Feb 2021 09:34:23 GMT" time="35.779" errors="0">
  <testcase name="Login" time="25.680" classname="com.common.ui.Login_Page"/>
  <testcase name="Open_Xpmgr" time="10.099" classname="com.common.ui.Login_Page"/>
</testsuite> <!-- com.common.ui.Login_Page -->
