<?xml version="1.0" encoding="UTF-8"?>
<!-- Generated by org.testng.reporters.JUnitReportReporter -->
<testsuite hostname="EC2AMAZ-VP7JDPQ" name="com.common.ui.ProjectDetail_Page" tests="1" failures="0" timestamp="27 Feb 2021 09:34:23 GMT" time="44.437" errors="0">
  <testcase name="Click_On_People_Link" time="44.437" classname="com.common.ui.ProjectDetail_Page"/>
</testsuite> <!-- com.common.ui.ProjectDetail_Page -->
